<?xml version="1.0" encoding="UTF-8"?>
<!-- Generated by org.testng.reporters.JUnitXMLReporter -->
<testsuite hostname="DESKTOP-4FABREF" ignored="0" name="Test" tests="5" failures="1" timestamp="2024-03-17T09:17:00 IST" time="86.205" errors="0">
  <testcase name="LoginViaShoppingCart" time="18.866" classname="frontgate.tests.ShoppingCartLogin">
    <failure type="java.lang.AssertionError" message="expected [true] but found [false]">
      <![CDATA[java.lang.AssertionError: expected [true] but found [false]
at frontgate.pageObjectModel.ShoppingCartViewPage.checkLogin(ShoppingCartViewPage.java:87)
at frontgate.tests.ShoppingCartLogin.LoginViaShoppingCart(ShoppingCartLogin.java:25)
at java.util.ArrayList.forEach(Unknown Source)
... Removed 31 stack frames]]>
    </failure>
  </testcase> <!-- LoginViaShoppingCart -->
  <testcase name="LoginViaShoppingCart" time="11.93" classname="frontgate.tests.ShoppingCartLogin"/>
  <testcase name="LoginViaShoppingCart" time="13.926" classname="frontgate.tests.ShoppingCartLogin"/>
  <testcase name="LoginViaShoppingCart" time="18.444" classname="frontgate.tests.ShoppingCartLogin"/>
  <testcase name="LoginViaShoppingCart" time="16.535" classname="frontgate.tests.ShoppingCartLogin"/>
</testsuite> <!-- Test -->
