<?xml version="1.0" encoding="UTF-8"?>
<testng-results skipped="0" failed="1" ignored="0" total="5" passed="4">
  <reporter-output>
  </reporter-output>
  <suite name="Suite" duration-ms="86205" started-at="2024-03-17T09:15:34 IST" finished-at="2024-03-17T09:17:00 IST">
    <groups>
    </groups>
    <test name="Test" duration-ms="86205" started-at="2024-03-17T09:15:34 IST" finished-at="2024-03-17T09:17:00 IST">
      <class name="frontgate.tests.ShoppingCartLogin">
        <test-method status="PASS" signature="initializeDriver()[pri:0, instance:frontgate.tests.ShoppingCartLogin@7f383f]" name="initializeDriver" is-config="true" duration-ms="1871" started-at="2024-03-17T09:15:34 IST" finished-at="2024-03-17T09:15:36 IST">
          <reporter-output>
          </reporter-output>
        </test-method> <!-- initializeDriver -->
        <test-method status="FAIL" signature="LoginViaShoppingCart(java.lang.String,java.lang.String)[pri:0, instance:frontgate.tests.ShoppingCartLogin@7f383f]" name="LoginViaShoppingCart" duration-ms="18866" started-at="2024-03-17T09:15:36 IST" data-provider="loginData" finished-at="2024-03-17T09:15:55 IST">
          <params>
            <param index="0">
              <value>
                <![CDATA[test@live.com]]>
              </value>
            </param>
            <param index="1">
              <value>
                <![CDATA[test@123]]>
              </value>
            </param>
          </params>
          <exception class="java.lang.AssertionError">
            <message>
              <![CDATA[expected [true] but found [false]]]>
            </message>
            <full-stacktrace>
              <![CDATA[java.lang.AssertionError: expected [true] but found [false]
at org.testng.Assert.fail(Assert.java:99)
at org.testng.Assert.failNotEquals(Assert.java:1037)
at org.testng.Assert.assertTrue(Assert.java:45)
at org.testng.Assert.assertTrue(Assert.java:55)
at frontgate.pageObjectModel.ShoppingCartViewPage.checkLogin(ShoppingCartViewPage.java:87)
at frontgate.tests.ShoppingCartLogin.LoginViaShoppingCart(ShoppingCartLogin.java:25)
at sun.reflect.NativeMethodAccessorImpl.invoke0(Native Method)
at sun.reflect.NativeMethodAccessorImpl.invoke(Unknown Source)
at sun.reflect.DelegatingMethodAccessorImpl.invoke(Unknown Source)
at java.lang.reflect.Method.invoke(Unknown Source)
at org.testng.internal.MethodInvocationHelper.invokeMethod(MethodInvocationHelper.java:133)
at org.testng.internal.TestInvoker.invokeMethod(TestInvoker.java:598)
at org.testng.internal.TestInvoker.invokeTestMethod(TestInvoker.java:173)
at org.testng.internal.MethodRunner.runInSequence(MethodRunner.java:46)
at org.testng.internal.TestInvoker$MethodInvocationAgent.invoke(TestInvoker.java:824)
at org.testng.internal.TestInvoker.invokeTestMethods(TestInvoker.java:146)
at org.testng.internal.TestMethodWorker.invokeTestMethods(TestMethodWorker.java:146)
at org.testng.internal.TestMethodWorker.run(TestMethodWorker.java:128)
at java.util.ArrayList.forEach(Unknown Source)
at org.testng.TestRunner.privateRun(TestRunner.java:794)
at org.testng.TestRunner.run(TestRunner.java:596)
at org.testng.SuiteRunner.runTest(SuiteRunner.java:377)
at org.testng.SuiteRunner.runSequentially(SuiteRunner.java:371)
at org.testng.SuiteRunner.privateRun(SuiteRunner.java:332)
at org.testng.SuiteRunner.run(SuiteRunner.java:276)
at org.testng.SuiteRunnerWorker.runSuite(SuiteRunnerWorker.java:53)
at org.testng.SuiteRunnerWorker.run(SuiteRunnerWorker.java:96)
at org.testng.TestNG.runSuitesSequentially(TestNG.java:1212)
at org.testng.TestNG.runSuitesLocally(TestNG.java:1134)
at org.testng.TestNG.runSuites(TestNG.java:1063)
at org.testng.TestNG.run(TestNG.java:1031)
at org.testng.remote.AbstractRemoteTestNG.run(AbstractRemoteTestNG.java:115)
at org.testng.remote.RemoteTestNG.initAndRun(RemoteTestNG.java:251)
at org.testng.remote.RemoteTestNG.main(RemoteTestNG.java:77)
]]>
            </full-stacktrace>
          </exception> <!-- java.lang.AssertionError -->
          <reporter-output>
          </reporter-output>
        </test-method> <!-- LoginViaShoppingCart -->
        <test-method status="PASS" signature="close()[pri:0, instance:frontgate.tests.ShoppingCartLogin@7f383f]" name="close" is-config="true" duration-ms="134" started-at="2024-03-17T09:15:55 IST" finished-at="2024-03-17T09:15:55 IST">
          <reporter-output>
          </reporter-output>
        </test-method> <!-- close -->
        <test-method status="PASS" signature="initializeDriver()[pri:0, instance:frontgate.tests.ShoppingCartLogin@7f383f]" name="initializeDriver" is-config="true" duration-ms="939" started-at="2024-03-17T09:15:55 IST" finished-at="2024-03-17T09:15:56 IST">
          <reporter-output>
          </reporter-output>
        </test-method> <!-- initializeDriver -->
        <test-method status="PASS" signature="LoginViaShoppingCart(java.lang.String,java.lang.String)[pri:0, instance:frontgate.tests.ShoppingCartLogin@7f383f]" name="LoginViaShoppingCart" duration-ms="11930" started-at="2024-03-17T09:15:56 IST" data-provider="loginData" finished-at="2024-03-17T09:16:08 IST">
          <params>
            <param index="0">
              <value>
                <![CDATA[]]>
              </value>
            </param>
            <param index="1">
              <value>
                <![CDATA[hello]]>
              </value>
            </param>
          </params>
          <reporter-output>
          </reporter-output>
        </test-method> <!-- LoginViaShoppingCart -->
        <test-method status="PASS" signature="close()[pri:0, instance:frontgate.tests.ShoppingCartLogin@7f383f]" name="close" is-config="true" duration-ms="123" started-at="2024-03-17T09:16:08 IST" finished-at="2024-03-17T09:16:08 IST">
          <reporter-output>
          </reporter-output>
        </test-method> <!-- close -->
        <test-method status="PASS" signature="initializeDriver()[pri:0, instance:frontgate.tests.ShoppingCartLogin@7f383f]" name="initializeDriver" is-config="true" duration-ms="962" started-at="2024-03-17T09:16:08 IST" finished-at="2024-03-17T09:16:09 IST">
          <reporter-output>
          </reporter-output>
        </test-method> <!-- initializeDriver -->
        <test-method status="PASS" signature="LoginViaShoppingCart(java.lang.String,java.lang.String)[pri:0, instance:frontgate.tests.ShoppingCartLogin@7f383f]" name="LoginViaShoppingCart" duration-ms="13926" started-at="2024-03-17T09:16:09 IST" data-provider="loginData" finished-at="2024-03-17T09:16:23 IST">
          <params>
            <param index="0">
              <value>
                <![CDATA[hello@gmail.com]]>
              </value>
            </param>
            <param index="1">
              <value>
                <![CDATA[]]>
              </value>
            </param>
          </params>
          <reporter-output>
          </reporter-output>
        </test-method> <!-- LoginViaShoppingCart -->
        <test-method status="PASS" signature="close()[pri:0, instance:frontgate.tests.ShoppingCartLogin@7f383f]" name="close" is-config="true" duration-ms="111" started-at="2024-03-17T09:16:23 IST" finished-at="2024-03-17T09:16:23 IST">
          <reporter-output>
          </reporter-output>
        </test-method> <!-- close -->
        <test-method status="PASS" signature="initializeDriver()[pri:0, instance:frontgate.tests.ShoppingCartLogin@7f383f]" name="initializeDriver" is-config="true" duration-ms="960" started-at="2024-03-17T09:16:23 IST" finished-at="2024-03-17T09:16:24 IST">
          <reporter-output>
          </reporter-output>
        </test-method> <!-- initializeDriver -->
        <test-method status="PASS" signature="LoginViaShoppingCart(java.lang.String,java.lang.String)[pri:0, instance:frontgate.tests.ShoppingCartLogin@7f383f]" name="LoginViaShoppingCart" duration-ms="18444" started-at="2024-03-17T09:16:24 IST" data-provider="loginData" finished-at="2024-03-17T09:16:42 IST">
          <params>
            <param index="0">
              <value>
                <![CDATA[hello]]>
              </value>
            </param>
            <param index="1">
              <value>
                <![CDATA[hello]]>
              </value>
            </param>
          </params>
          <reporter-output>
          </reporter-output>
        </test-method> <!-- LoginViaShoppingCart -->
        <test-method status="PASS" signature="close()[pri:0, instance:frontgate.tests.ShoppingCartLogin@7f383f]" name="close" is-config="true" duration-ms="105" started-at="2024-03-17T09:16:42 IST" finished-at="2024-03-17T09:16:42 IST">
          <reporter-output>
          </reporter-output>
        </test-method> <!-- close -->
        <test-method status="PASS" signature="initializeDriver()[pri:0, instance:frontgate.tests.ShoppingCartLogin@7f383f]" name="initializeDriver" is-config="true" duration-ms="898" started-at="2024-03-17T09:16:42 IST" finished-at="2024-03-17T09:16:43 IST">
          <reporter-output>
          </reporter-output>
        </test-method> <!-- initializeDriver -->
        <test-method status="PASS" signature="LoginViaShoppingCart(java.lang.String,java.lang.String)[pri:0, instance:frontgate.tests.ShoppingCartLogin@7f383f]" name="LoginViaShoppingCart" duration-ms="16535" started-at="2024-03-17T09:16:43 IST" data-provider="loginData" finished-at="2024-03-17T09:17:00 IST">
          <params>
            <param index="0">
              <value>
                <![CDATA[helllo@gmail.com]]>
              </value>
            </param>
            <param index="1">
              <value>
                <![CDATA[hello]]>
              </value>
            </param>
          </params>
          <reporter-output>
          </reporter-output>
        </test-method> <!-- LoginViaShoppingCart -->
        <test-method status="PASS" signature="close()[pri:0, instance:frontgate.tests.ShoppingCartLogin@7f383f]" name="close" is-config="true" duration-ms="116" started-at="2024-03-17T09:17:00 IST" finished-at="2024-03-17T09:17:00 IST">
          <reporter-output>
          </reporter-output>
        </test-method> <!-- close -->
      </class> <!-- frontgate.tests.ShoppingCartLogin -->
    </test> <!-- Test -->
  </suite> <!-- Suite -->
</testng-results>
